[2025-06-17T08:09:25.196-0700] {local_task_job_runner.py:123} INFO - ::group::Pre task execution logs
[2025-06-17T08:09:25.203-0700] {taskinstance.py:2614} INFO - Dependencies all met for dep_context=non-requeueable deps ti=<TaskInstance: homework_Martynov_AA.load_and_check_dataset manual__2025-06-17T15:09:23+00:00 [queued]>
[2025-06-17T08:09:25.207-0700] {taskinstance.py:2614} INFO - Dependencies all met for dep_context=requeueable deps ti=<TaskInstance: homework_Martynov_AA.load_and_check_dataset manual__2025-06-17T15:09:23+00:00 [queued]>
[2025-06-17T08:09:25.207-0700] {taskinstance.py:2867} INFO - Starting attempt 1 of 4
[2025-06-17T08:09:25.226-0700] {taskinstance.py:2890} INFO - Executing <Task(PythonOperator): load_and_check_dataset> on 2025-06-17 15:09:23+00:00
[2025-06-17T08:09:25.233-0700] {standard_task_runner.py:104} INFO - Running: ['airflow', 'tasks', 'run', 'homework_Martynov_AA', 'load_and_check_dataset', 'manual__2025-06-***7T***5:09:23+00:00', '--job-id', '50', '--raw', '--subdir', 'DAGS_FOLDER/dag_Martynov_AA.py', '--cfg-path', '/tmp/tmpo7uuoi75']
[2025-06-17T08:09:25.235-0700] {standard_task_runner.py:105} INFO - Job 50: Subtask load_and_check_dataset
[2025-06-17T08:09:25.236-0700] {logging_mixin.py:190} WARNING - /home/fspm2/test09042025/airflow-venv/lib/python3.***2/site-packages/airflow/task/task_runner/standard_task_runner.py:70 DeprecationWarning: This process (pid=5464) is multi-threaded, use of fork() may lead to deadlocks in the child.
[2025-06-17T08:09:25.237-0700] {standard_task_runner.py:72} INFO - Started process 5479 to run task
[2025-06-17T08:09:25.276-0700] {task_command.py:467} INFO - Running <TaskInstance: homework_Martynov_AA.load_and_check_dataset manual__2025-06-17T15:09:23+00:00 [running]> on host M***5-I3W302.
[2025-06-17T08:09:25.351-0700] {taskinstance.py:3134} INFO - Exporting env vars: AIRFLOW_CTX_DAG_OWNER='airflow' AIRFLOW_CTX_DAG_ID='homework_Martynov_AA' AIRFLOW_CTX_TASK_ID='load_and_check_dataset' AIRFLOW_CTX_EXECUTION_DATE='2025-06-***7T***5:09:23+00:00' AIRFLOW_CTX_TRY_NUMBER='***' AIRFLOW_CTX_DAG_RUN_ID='manual__2025-06-***7T***5:09:23+00:00'
[2025-06-17T08:09:25.352-0700] {taskinstance.py:732} INFO - ::endgroup::
[2025-06-17T08:09:26.460-0700] {load_and_check.py:14} INFO - Успешно прочитан файл с датасетом https://archive.ics.uci.edu/ml/machine-learning-databases/breast-cancer-wisconsin/wdbc.data
[2025-06-17T08:09:26.462-0700] {load_and_check.py:35} INFO - Датасет успешно прошел проверки на количество столбцов, тип данных и метки таргета
[2025-06-17T08:09:26.473-0700] {load_and_check.py:44} INFO - Датасет сохранён в файле: /home/airflow/data/verified_df.csv
[2025-06-17T08:09:26.473-0700] {python.py:240} INFO - Done. Returned value was: None
[2025-06-17T08:09:26.477-0700] {taskinstance.py:341} INFO - ::group::Post task execution logs
[2025-06-17T08:09:26.477-0700] {taskinstance.py:353} INFO - Marking task as SUCCESS. dag_id=homework_Martynov_AA, task_id=load_and_check_dataset, run_id=manual__2025-06-***7T***5:09:23+00:00, execution_date=202506***7T***50923, start_date=202506***7T***50925, end_date=202506***7T***50926
[2025-06-17T08:09:26.503-0700] {local_task_job_runner.py:266} INFO - Task exited with return code 0
[2025-06-17T08:09:26.517-0700] {taskinstance.py:3901} INFO - 1 downstream tasks scheduled from follow-on schedule check
[2025-06-17T08:09:26.522-0700] {local_task_job_runner.py:245} INFO - ::endgroup::
