[2025-06-17T11:18:29.610-0700] {local_task_job_runner.py:123} INFO - ::group::Pre task execution logs
[2025-06-17T11:18:29.623-0700] {taskinstance.py:2614} INFO - Dependencies all met for dep_context=non-requeueable deps ti=<TaskInstance: homework_Martynov_AA.transform_dataset manual__2025-06-17T18:18:22.556946+00:00 [queued]>
[2025-06-17T11:18:29.629-0700] {taskinstance.py:2614} INFO - Dependencies all met for dep_context=requeueable deps ti=<TaskInstance: homework_Martynov_AA.transform_dataset manual__2025-06-17T18:18:22.556946+00:00 [queued]>
[2025-06-17T11:18:29.629-0700] {taskinstance.py:2867} INFO - Starting attempt 1 of 4
[2025-06-17T11:18:29.642-0700] {taskinstance.py:2890} INFO - Executing <Task(PythonOperator): transform_dataset> on 2025-06-17 18:18:22.556946+00:00
[2025-06-17T11:18:29.648-0700] {standard_task_runner.py:104} INFO - Running: ['airflow', 'tasks', 'run', 'homework_Martynov_AA', 'transform_dataset', 'manual__2025-06-***7T***8:***8:22.556946+00:00', '--job-id', '55', '--raw', '--subdir', 'DAGS_FOLDER/dag_Martynov_AA.py', '--cfg-path', '/tmp/tmp334855wi']
[2025-06-17T11:18:29.651-0700] {standard_task_runner.py:105} INFO - Job 55: Subtask transform_dataset
[2025-06-17T11:18:29.650-0700] {logging_mixin.py:190} WARNING - /home/fspm2/test09042025/airflow-venv/lib/python3.***2/site-packages/airflow/task/task_runner/standard_task_runner.py:70 DeprecationWarning: This process (pid=***4746) is multi-threaded, use of fork() may lead to deadlocks in the child.
[2025-06-17T11:18:29.652-0700] {standard_task_runner.py:72} INFO - Started process 14763 to run task
[2025-06-17T11:18:29.690-0700] {task_command.py:467} INFO - Running <TaskInstance: homework_Martynov_AA.transform_dataset manual__2025-06-17T18:18:22.556946+00:00 [running]> on host M***5-I3W302.
[2025-06-17T11:18:29.744-0700] {taskinstance.py:3134} INFO - Exporting env vars: AIRFLOW_CTX_DAG_OWNER='airflow' AIRFLOW_CTX_DAG_ID='homework_Martynov_AA' AIRFLOW_CTX_TASK_ID='transform_dataset' AIRFLOW_CTX_EXECUTION_DATE='2025-06-***7T***8:***8:22.556946+00:00' AIRFLOW_CTX_TRY_NUMBER='***' AIRFLOW_CTX_DAG_RUN_ID='manual__2025-06-***7T***8:***8:22.556946+00:00'
[2025-06-17T11:18:29.744-0700] {taskinstance.py:732} INFO - ::endgroup::
[2025-06-17T11:18:29.758-0700] {transform.py:21} INFO - Успешно прочитан файл с датасетом /home/airflow/etl/../data/verified_df.csv
[2025-06-17T11:18:29.778-0700] {transform.py:51} INFO - Успешно сохранены данные после предобработки в папку /home/airflow/etl/../data - файлы features_train.csv, features_test.csv, target_train.csv и target_test.csv
[2025-06-17T11:18:29.778-0700] {python.py:240} INFO - Done. Returned value was: None
[2025-06-17T11:18:29.782-0700] {taskinstance.py:341} INFO - ::group::Post task execution logs
[2025-06-17T11:18:29.782-0700] {taskinstance.py:353} INFO - Marking task as SUCCESS. dag_id=homework_Martynov_AA, task_id=transform_dataset, run_id=manual__2025-06-***7T***8:***8:22.556946+00:00, execution_date=202506***7T***8***822, start_date=202506***7T***8***829, end_date=202506***7T***8***829
[2025-06-17T11:18:29.827-0700] {local_task_job_runner.py:266} INFO - Task exited with return code 0
[2025-06-17T11:18:29.845-0700] {taskinstance.py:3901} INFO - 1 downstream tasks scheduled from follow-on schedule check
[2025-06-17T11:18:29.851-0700] {local_task_job_runner.py:245} INFO - ::endgroup::
