[2025-06-17T11:18:33.567-0700] {local_task_job_runner.py:123} INFO - ::group::Pre task execution logs
[2025-06-17T11:18:33.579-0700] {taskinstance.py:2614} INFO - Dependencies all met for dep_context=non-requeueable deps ti=<TaskInstance: homework_Martynov_AA.calculate_metrics manual__2025-06-17T18:18:22.556946+00:00 [queued]>
[2025-06-17T11:18:33.584-0700] {taskinstance.py:2614} INFO - Dependencies all met for dep_context=requeueable deps ti=<TaskInstance: homework_Martynov_AA.calculate_metrics manual__2025-06-17T18:18:22.556946+00:00 [queued]>
[2025-06-17T11:18:33.584-0700] {taskinstance.py:2867} INFO - Starting attempt 1 of 4
[2025-06-17T11:18:33.598-0700] {taskinstance.py:2890} INFO - Executing <Task(PythonOperator): calculate_metrics> on 2025-06-17 18:18:22.556946+00:00
[2025-06-17T11:18:33.608-0700] {logging_mixin.py:190} WARNING - /home/fspm2/test09042025/airflow-venv/lib/python3.***2/site-packages/airflow/task/task_runner/standard_task_runner.py:70 DeprecationWarning: This process (pid=***4789) is multi-threaded, use of fork() may lead to deadlocks in the child.
[2025-06-17T11:18:33.605-0700] {standard_task_runner.py:104} INFO - Running: ['airflow', 'tasks', 'run', 'homework_Martynov_AA', 'calculate_metrics', 'manual__2025-06-***7T***8:***8:22.556946+00:00', '--job-id', '57', '--raw', '--subdir', 'DAGS_FOLDER/dag_Martynov_AA.py', '--cfg-path', '/tmp/tmp46epm***rd']
[2025-06-17T11:18:33.609-0700] {standard_task_runner.py:105} INFO - Job 57: Subtask calculate_metrics
[2025-06-17T11:18:33.608-0700] {standard_task_runner.py:72} INFO - Started process 14804 to run task
[2025-06-17T11:18:33.637-0700] {task_command.py:467} INFO - Running <TaskInstance: homework_Martynov_AA.calculate_metrics manual__2025-06-17T18:18:22.556946+00:00 [running]> on host M***5-I3W302.
[2025-06-17T11:18:33.694-0700] {taskinstance.py:3134} INFO - Exporting env vars: AIRFLOW_CTX_DAG_OWNER='airflow' AIRFLOW_CTX_DAG_ID='homework_Martynov_AA' AIRFLOW_CTX_TASK_ID='calculate_metrics' AIRFLOW_CTX_EXECUTION_DATE='2025-06-***7T***8:***8:22.556946+00:00' AIRFLOW_CTX_TRY_NUMBER='***' AIRFLOW_CTX_DAG_RUN_ID='manual__2025-06-***7T***8:***8:22.556946+00:00'
[2025-06-17T11:18:33.695-0700] {taskinstance.py:732} INFO - ::endgroup::
[2025-06-17T11:18:33.715-0700] {test_model.py:33} INFO - Успешно прочитаны файлы /home/airflow/etl/../data/features_test.csv и /home/airflow/etl/../data/target_test.csv
[2025-06-17T11:18:33.716-0700] {test_model.py:40} INFO - Успешно загружена модель из файла /home/airflow/etl/../results/lr_pipeline.joblib
[2025-06-17T11:18:33.729-0700] {test_model.py:81} INFO - Параметры обученной модели успешно сохранены по адресу /home/airflow/etl/../results/model_params.json
[2025-06-17T11:18:33.729-0700] {test_model.py:89} INFO - Метрики обученной модели успешно сохранены по адресу /home/airflow/etl/../results/model_metrics.json
[2025-06-17T11:18:33.729-0700] {python.py:240} INFO - Done. Returned value was: None
[2025-06-17T11:18:33.733-0700] {taskinstance.py:341} INFO - ::group::Post task execution logs
[2025-06-17T11:18:33.734-0700] {taskinstance.py:353} INFO - Marking task as SUCCESS. dag_id=homework_Martynov_AA, task_id=calculate_metrics, run_id=manual__2025-06-***7T***8:***8:22.556946+00:00, execution_date=202506***7T***8***822, start_date=202506***7T***8***833, end_date=202506***7T***8***833
[2025-06-17T11:18:33.783-0700] {local_task_job_runner.py:266} INFO - Task exited with return code 0
[2025-06-17T11:18:33.793-0700] {taskinstance.py:3901} INFO - 0 downstream tasks scheduled from follow-on schedule check
[2025-06-17T11:18:33.794-0700] {local_task_job_runner.py:245} INFO - ::endgroup::
