[2025-06-17T11:18:25.234-0700] {local_task_job_runner.py:123} INFO - ::group::Pre task execution logs
[2025-06-17T11:18:25.246-0700] {taskinstance.py:2614} INFO - Dependencies all met for dep_context=non-requeueable deps ti=<TaskInstance: homework_Martynov_AA.load_and_check_dataset manual__2025-06-17T18:18:22.556946+00:00 [queued]>
[2025-06-17T11:18:25.253-0700] {taskinstance.py:2614} INFO - Dependencies all met for dep_context=requeueable deps ti=<TaskInstance: homework_Martynov_AA.load_and_check_dataset manual__2025-06-17T18:18:22.556946+00:00 [queued]>
[2025-06-17T11:18:25.254-0700] {taskinstance.py:2867} INFO - Starting attempt 1 of 4
[2025-06-17T11:18:25.271-0700] {taskinstance.py:2890} INFO - Executing <Task(PythonOperator): load_and_check_dataset> on 2025-06-17 18:18:22.556946+00:00
[2025-06-17T11:18:25.279-0700] {standard_task_runner.py:104} INFO - Running: ['airflow', 'tasks', 'run', 'homework_Martynov_AA', 'load_and_check_dataset', 'manual__2025-06-***7T***8:***8:22.556946+00:00', '--job-id', '54', '--raw', '--subdir', 'DAGS_FOLDER/dag_Martynov_AA.py', '--cfg-path', '/tmp/tmpslxmnp9c']
[2025-06-17T11:18:25.281-0700] {standard_task_runner.py:105} INFO - Job 54: Subtask load_and_check_dataset
[2025-06-17T11:18:25.281-0700] {logging_mixin.py:190} WARNING - /home/fspm2/test09042025/airflow-venv/lib/python3.***2/site-packages/airflow/task/task_runner/standard_task_runner.py:70 DeprecationWarning: This process (pid=***47***0) is multi-threaded, use of fork() may lead to deadlocks in the child.
[2025-06-17T11:18:25.281-0700] {standard_task_runner.py:72} INFO - Started process 14725 to run task
[2025-06-17T11:18:25.317-0700] {task_command.py:467} INFO - Running <TaskInstance: homework_Martynov_AA.load_and_check_dataset manual__2025-06-17T18:18:22.556946+00:00 [running]> on host M***5-I3W302.
[2025-06-17T11:18:25.388-0700] {taskinstance.py:3134} INFO - Exporting env vars: AIRFLOW_CTX_DAG_OWNER='airflow' AIRFLOW_CTX_DAG_ID='homework_Martynov_AA' AIRFLOW_CTX_TASK_ID='load_and_check_dataset' AIRFLOW_CTX_EXECUTION_DATE='2025-06-***7T***8:***8:22.556946+00:00' AIRFLOW_CTX_TRY_NUMBER='***' AIRFLOW_CTX_DAG_RUN_ID='manual__2025-06-***7T***8:***8:22.556946+00:00'
[2025-06-17T11:18:25.389-0700] {taskinstance.py:732} INFO - ::endgroup::
[2025-06-17T11:18:27.295-0700] {load_and_check.py:13} INFO - Успешно прочитан файл с датасетом https://archive.ics.uci.edu/ml/machine-learning-databases/breast-cancer-wisconsin/wdbc.data
[2025-06-17T11:18:27.299-0700] {load_and_check.py:30} INFO - Датасет успешно прошел проверки на количество столбцов, тип данных и метки таргета
[2025-06-17T11:18:27.312-0700] {load_and_check.py:38} INFO - Датасет сохранён в файле: /home/airflow/data/verified_df.csv
[2025-06-17T11:18:27.313-0700] {python.py:240} INFO - Done. Returned value was: None
[2025-06-17T11:18:27.321-0700] {taskinstance.py:341} INFO - ::group::Post task execution logs
[2025-06-17T11:18:27.322-0700] {taskinstance.py:353} INFO - Marking task as SUCCESS. dag_id=homework_Martynov_AA, task_id=load_and_check_dataset, run_id=manual__2025-06-***7T***8:***8:22.556946+00:00, execution_date=202506***7T***8***822, start_date=202506***7T***8***825, end_date=202506***7T***8***827
[2025-06-17T11:18:27.348-0700] {local_task_job_runner.py:266} INFO - Task exited with return code 0
[2025-06-17T11:18:27.369-0700] {taskinstance.py:3901} INFO - 1 downstream tasks scheduled from follow-on schedule check
[2025-06-17T11:18:27.375-0700] {local_task_job_runner.py:245} INFO - ::endgroup::
