[2025-06-17T08:09:31.186-0700] {local_task_job_runner.py:123} INFO - ::group::Pre task execution logs
[2025-06-17T08:09:31.197-0700] {taskinstance.py:2614} INFO - Dependencies all met for dep_context=non-requeueable deps ti=<TaskInstance: homework_Martynov_AA.calculate_metrics manual__2025-06-17T15:09:23+00:00 [queued]>
[2025-06-17T08:09:31.205-0700] {taskinstance.py:2614} INFO - Dependencies all met for dep_context=requeueable deps ti=<TaskInstance: homework_Martynov_AA.calculate_metrics manual__2025-06-17T15:09:23+00:00 [queued]>
[2025-06-17T08:09:31.205-0700] {taskinstance.py:2867} INFO - Starting attempt 1 of 4
[2025-06-17T08:09:31.232-0700] {taskinstance.py:2890} INFO - Executing <Task(PythonOperator): calculate_metrics> on 2025-06-17 15:09:23+00:00
[2025-06-17T08:09:31.237-0700] {standard_task_runner.py:104} INFO - Running: ['airflow', 'tasks', 'run', 'homework_Martynov_AA', 'calculate_metrics', 'manual__2025-06-***7T***5:09:23+00:00', '--job-id', '53', '--raw', '--subdir', 'DAGS_FOLDER/dag_Martynov_AA.py', '--cfg-path', '/tmp/tmpln_p4r_w']
[2025-06-17T08:09:31.239-0700] {standard_task_runner.py:105} INFO - Job 53: Subtask calculate_metrics
[2025-06-17T08:09:31.240-0700] {logging_mixin.py:190} WARNING - /home/fspm2/test09042025/airflow-venv/lib/python3.***2/site-packages/airflow/task/task_runner/standard_task_runner.py:70 DeprecationWarning: This process (pid=5522) is multi-threaded, use of fork() may lead to deadlocks in the child.
[2025-06-17T08:09:31.240-0700] {standard_task_runner.py:72} INFO - Started process 5537 to run task
[2025-06-17T08:09:31.283-0700] {task_command.py:467} INFO - Running <TaskInstance: homework_Martynov_AA.calculate_metrics manual__2025-06-17T15:09:23+00:00 [running]> on host M***5-I3W302.
[2025-06-17T08:09:31.355-0700] {taskinstance.py:3134} INFO - Exporting env vars: AIRFLOW_CTX_DAG_OWNER='airflow' AIRFLOW_CTX_DAG_ID='homework_Martynov_AA' AIRFLOW_CTX_TASK_ID='calculate_metrics' AIRFLOW_CTX_EXECUTION_DATE='2025-06-***7T***5:09:23+00:00' AIRFLOW_CTX_TRY_NUMBER='***' AIRFLOW_CTX_DAG_RUN_ID='manual__2025-06-***7T***5:09:23+00:00'
[2025-06-17T08:09:31.356-0700] {taskinstance.py:732} INFO - ::endgroup::
[2025-06-17T08:09:31.377-0700] {test_model.py:39} INFO - Успешно прочитаны файлы /home/airflow/etl/../data/features_test.csv и /home/airflow/etl/../data/target_test.csv
[2025-06-17T08:09:31.379-0700] {test_model.py:48} INFO - Успешно загружена модель из файла /home/airflow/etl/../results/lr_pipeline.joblib
[2025-06-17T08:09:31.393-0700] {test_model.py:95} INFO - Параметры обученной модели успешно сохранены по адресу /home/airflow/etl/../results/model_params.json
[2025-06-17T08:09:31.393-0700] {test_model.py:104} INFO - Метрики обученной модели успешно сохранены по адресу /home/airflow/etl/../results/model_metrics.json
[2025-06-17T08:09:31.393-0700] {python.py:240} INFO - Done. Returned value was: None
[2025-06-17T08:09:31.398-0700] {taskinstance.py:341} INFO - ::group::Post task execution logs
[2025-06-17T08:09:31.398-0700] {taskinstance.py:353} INFO - Marking task as SUCCESS. dag_id=homework_Martynov_AA, task_id=calculate_metrics, run_id=manual__2025-06-***7T***5:09:23+00:00, execution_date=202506***7T***50923, start_date=202506***7T***5093***, end_date=202506***7T***5093***
[2025-06-17T08:09:31.455-0700] {local_task_job_runner.py:266} INFO - Task exited with return code 0
[2025-06-17T08:09:31.462-0700] {taskinstance.py:3901} INFO - 0 downstream tasks scheduled from follow-on schedule check
[2025-06-17T08:09:31.463-0700] {local_task_job_runner.py:245} INFO - ::endgroup::
